<?xml version="1.0" encoding="UTF-8"?>
<!-- Generated by org.testng.reporters.JUnitReportReporter -->
<testsuite skipped="0" hostname="Lenovo" name="org.test.Iyyappan" tests="1" failures="0" timestamp="12 Nov 2022 08:06:17 GMT" time="50.418" errors="0">
  <testcase name="test" time="50.418" classname="org.test.Iyyappan"/>
</testsuite> <!-- org.test.Iyyappan -->
